<?xml version="1.0" encoding="UTF-8"?>
<!-- Generated by org.testng.reporters.JUnitXMLReporter -->
<testsuite ignored="0" hostname="Rizas-MacBook-Air.local" failures="0" tests="5" name="Command line test" time="12.681" errors="0" timestamp="2020-09-12T15:53:29 EDT">
  <testcase classname="TestNGClasses.TestNGBasics" name="googleLogo" time="0.002"/>
  <testcase classname="TestNGClasses.TestNGBasics" name="googleTitleTest" time="0.0"/>
  <testcase classname="TestNGClasses.GoogleTest" name="CgoogleLogoDisplay" time="0.115"/>
  <testcase classname="TestNGClasses.GoogleTest" name="AgooogleTitleTest" time="0.009"/>
  <testcase classname="TestNGClasses.GoogleTest" name="BgmailLogoDisplay" time="0.063"/>
</testsuite> <!-- Command line test -->
